<?xml version="1.0" encoding="UTF-8"?>
<testsuites name="TestSuite3" time="37" tests="2" failures="0" errors="0">
   <testsuite name="TestSuite3" tests="2" failures="0" errors="0" time="37" timestamp="2017-09-04 14:06:33" hostname="HP - JOY-Mul" id="Test Suites/TestSuite3">
      <properties>
         <property name="deviceName" value=""/>
         <property name="devicePlatform" value=""/>
         <property name="logFolder" value="C:\\Users\\HP\\git\\TestGit_clone2\\Reports\\TestSuite3\\20170904_140631"/>
         <property name="logFiles" value="C:\\Users\\HP\\git\\TestGit_clone2\\Reports\\TestSuite3\\20170904_140631\\execution0.log"/>
         <property name="attachments" value=""/>
         <property name="hostName" value="HP - JOY-Mul"/>
         <property name="os" value="Windows 10 64bit"/>
         <property name="katalonVersion" value="4.8.0.2"/>
         <property name="browser" value="Firefox 54.0"/>
         <property name="hostAddress" value="10.1.44.165"/>
         <property name="sessionId" value="179ffb05-5b32-412b-90e1-e769d61532c6"/>
         <property name="seleniumVersion" value="2.53.0"/>
         <property name="proxyInformation" value="ProxyInformation{proxyOption=NO_PROXY, proxyServerType=HTTP, password=, proxyServerAddress=, proxyServerPort=0}"/>
         <property name="platform" value="Windows 10"/>
      </properties>
      <testcase name="Test Cases/Test_Cellphone" classname="Test Cases/Test_Cellphone" status="PASSED">
         <system-out><![CDATA[2017-09-04 14:06:33 - [TEST_CASE][PASSED] - Test Cases/Test_Cellphone: Test Cases/Test_Cellphone

2017-09-04 14:06:34 - [TEST_STEP][PASSED] - openBrowser: Browser is opened with url: ''

2017-09-04 14:06:44 - [MESSAGE][PASSED] - Browser is opened with url: ''

2017-09-04 14:06:44 - [TEST_STEP][PASSED] - navigateToUrl: Navigate to 'http://vivblind.play2pay.me/volunteer/register' successfully

2017-09-04 14:06:48 - [MESSAGE][PASSED] - Navigate to 'http://vivblind.play2pay.me/volunteer/register' successfully

2017-09-04 14:06:48 - [TEST_STEP][PASSED] - setText: Text '098' is set on object 'Object Repository/Test_Cellphone/Page_ -/input_CELL_PHONE'

2017-09-04 14:06:49 - [MESSAGE][PASSED] - Text '098' is set on object 'Object Repository/Test_Cellphone/Page_ -/input_CELL_PHONE'

2017-09-04 14:06:49 - [TEST_STEP][PASSED] - click: Object: 'Object Repository/Test_Cellphone/Page_ -/input_btn btn-primary' is clicked on

2017-09-04 14:06:49 - [MESSAGE][PASSED] - Object: 'Object Repository/Test_Cellphone/Page_ -/input_btn btn-primary' is clicked on

2017-09-04 14:06:49 - [TEST_STEP][PASSED] - verifyTextPresent: Text 'กรุณากรอกเบอร์มือถือ 10 หลัก' is present on page 

2017-09-04 14:06:50 - [MESSAGE][PASSED] - Text 'กรุณากรอกเบอร์มือถือ 10 หลัก' is present on page 

2017-09-04 14:06:50 - [TEST_STEP][PASSED] - setText: Text '0789877789' is set on object 'Object Repository/Test_Cellphone/Page_ -/input_CELL_PHONE'

2017-09-04 14:06:50 - [MESSAGE][PASSED] - Text '0789877789' is set on object 'Object Repository/Test_Cellphone/Page_ -/input_CELL_PHONE'

2017-09-04 14:06:50 - [TEST_STEP][PASSED] - click: Object: 'Object Repository/Test_Cellphone/Page_ -/input_btn btn-primary' is clicked on

2017-09-04 14:06:51 - [MESSAGE][PASSED] - Object: 'Object Repository/Test_Cellphone/Page_ -/input_btn btn-primary' is clicked on

2017-09-04 14:06:51 - [TEST_STEP][PASSED] - verifyTextNotPresent: Text 'กรุณากรอกเบอร์มือถือ 10 หลัก' is not present on page

2017-09-04 14:06:52 - [MESSAGE][PASSED] - Text 'กรุณากรอกเบอร์มือถือ 10 หลัก' is not present on page]]></system-out>
         <system-err><![CDATA[]]></system-err>
      </testcase>
      <testcase name="Test Cases/Test Email1" classname="Test Cases/Test Email1" status="PASSED">
         <system-out><![CDATA[2017-09-04 14:06:52 - [TEST_CASE][PASSED] - Test Cases/Test Email1: Test Cases/Test Email1

2017-09-04 14:06:52 - [TEST_STEP][PASSED] - openBrowser: Browser is opened with url: ''

2017-09-04 14:06:52 - [MESSAGE][WARNING] - A browser is already opened. Closing browser and opening a new one

2017-09-04 14:06:57 - [MESSAGE][PASSED] - Browser is opened with url: ''

2017-09-04 14:06:57 - [TEST_STEP][PASSED] - navigateToUrl: Navigate to 'http://vivblind.play2pay.me/volunteer/register' successfully

2017-09-04 14:07:02 - [MESSAGE][PASSED] - Navigate to 'http://vivblind.play2pay.me/volunteer/register' successfully

2017-09-04 14:07:02 - [TEST_STEP][PASSED] - setText: Text 'aaa' is set on object 'Object Repository/TestEmail1/Page_ -/input_EMAIL'

2017-09-04 14:07:02 - [MESSAGE][PASSED] - Text 'aaa' is set on object 'Object Repository/TestEmail1/Page_ -/input_EMAIL'

2017-09-04 14:07:02 - [TEST_STEP][PASSED] - click: Object: 'Object Repository/TestEmail1/Page_ -/input_btn btn-primary' is clicked on

2017-09-04 14:07:03 - [MESSAGE][PASSED] - Object: 'Object Repository/TestEmail1/Page_ -/input_btn btn-primary' is clicked on

2017-09-04 14:07:03 - [TEST_STEP][PASSED] - verifyTextPresent: Text 'กรุณากรอก รหัสสมาชิก ในรูปแบบ Email' is present on page 

2017-09-04 14:07:04 - [MESSAGE][PASSED] - Text 'กรุณากรอก รหัสสมาชิก ในรูปแบบ Email' is present on page 

2017-09-04 14:07:04 - [TEST_STEP][PASSED] - setText: Text '1212121212' is set on object 'Object Repository/TestEmail1/Page_ -/input_EMAIL'

2017-09-04 14:07:05 - [MESSAGE][PASSED] - Text '1212121212' is set on object 'Object Repository/TestEmail1/Page_ -/input_EMAIL'

2017-09-04 14:07:05 - [TEST_STEP][PASSED] - click: Object: 'Object Repository/TestEmail1/Page_ -/input_btn btn-primary' is clicked on

2017-09-04 14:07:06 - [MESSAGE][PASSED] - Object: 'Object Repository/TestEmail1/Page_ -/input_btn btn-primary' is clicked on

2017-09-04 14:07:06 - [TEST_STEP][PASSED] - verifyTextPresent: Text 'กรุณากรอก รหัสสมาชิก ในรูปแบบ Email' is present on page 

2017-09-04 14:07:06 - [MESSAGE][PASSED] - Text 'กรุณากรอก รหัสสมาชิก ในรูปแบบ Email' is present on page 

2017-09-04 14:07:06 - [TEST_STEP][PASSED] - setText: Text 'ds@ff.com' is set on object 'Object Repository/TestEmail1/Page_ -/input_EMAIL'

2017-09-04 14:07:07 - [MESSAGE][PASSED] - Text 'ds@ff.com' is set on object 'Object Repository/TestEmail1/Page_ -/input_EMAIL'

2017-09-04 14:07:07 - [TEST_STEP][PASSED] - click: Object: 'Object Repository/TestEmail1/Page_ -/input_btn btn-primary' is clicked on

2017-09-04 14:07:07 - [MESSAGE][PASSED] - Object: 'Object Repository/TestEmail1/Page_ -/input_btn btn-primary' is clicked on

2017-09-04 14:07:07 - [TEST_STEP][PASSED] - verifyTextNotPresent: Text 'กรุณากรอก รหัสสมาชิก ในรูปแบบ Email' is not present on page

2017-09-04 14:07:08 - [MESSAGE][PASSED] - Text 'กรุณากรอก รหัสสมาชิก ในรูปแบบ Email' is not present on page

2017-09-04 14:07:08 - [TEST_STEP][PASSED] - setText: Text '' is set on object 'Object Repository/TestEmail1/Page_ -/input_EMAIL'

2017-09-04 14:07:08 - [MESSAGE][PASSED] - Text '' is set on object 'Object Repository/TestEmail1/Page_ -/input_EMAIL'

2017-09-04 14:07:08 - [TEST_STEP][PASSED] - click: Object: 'Object Repository/TestEmail1/Page_ -/input_btn btn-primary' is clicked on

2017-09-04 14:07:09 - [MESSAGE][PASSED] - Object: 'Object Repository/TestEmail1/Page_ -/input_btn btn-primary' is clicked on

2017-09-04 14:07:09 - [TEST_STEP][PASSED] - verifyTextPresent: Text 'กรุณากรอกรหัสสมาชิก' is present on page 

2017-09-04 14:07:10 - [MESSAGE][PASSED] - Text 'กรุณากรอกรหัสสมาชิก' is present on page 

2017-09-04 14:07:10 - [TEST_STEP][PASSED] - closeBrowser: Browser is closed

2017-09-04 14:07:10 - [MESSAGE][PASSED] - Browser is closed]]></system-out>
         <system-err><![CDATA[]]></system-err>
      </testcase>
      <system-out><![CDATA[2017-09-04 14:06:33 - [TEST_SUITE][PASSED] - TestSuite3: Test Cases/Test Email1]]></system-out>
      <system-err><![CDATA[]]></system-err>
   </testsuite>
</testsuites>
