<?xml version="1.0" encoding="UTF-8"?>
<testsuites name="Test Suite2" time="60" tests="3" failures="0" errors="0">
   <testsuite name="Test Suite2" tests="3" failures="0" errors="0" time="60" timestamp="2017-09-04 14:07:50" hostname="HP - JOY-Mul" id="Test Suites/Test Suite2">
      <properties>
         <property name="deviceName" value=""/>
         <property name="devicePlatform" value=""/>
         <property name="logFolder" value="C:\\Users\\HP\\git\\TestGit_clone2\\Reports\\Test Suite2\\20170904_140748"/>
         <property name="logFiles" value="C:\\Users\\HP\\git\\TestGit_clone2\\Reports\\Test Suite2\\20170904_140748\\execution0.log"/>
         <property name="attachments" value=""/>
         <property name="hostName" value="HP - JOY-Mul"/>
         <property name="os" value="Windows 10 64bit"/>
         <property name="katalonVersion" value="4.8.0.2"/>
         <property name="browser" value="Firefox 54.0"/>
         <property name="hostAddress" value="10.1.44.165"/>
         <property name="sessionId" value="9f608a93-66b4-4716-8a20-41e2ca00351a"/>
         <property name="seleniumVersion" value="2.53.0"/>
         <property name="proxyInformation" value="ProxyInformation{proxyOption=NO_PROXY, proxyServerType=HTTP, password=, proxyServerAddress=, proxyServerPort=0}"/>
         <property name="platform" value="Windows 10"/>
      </properties>
      <testcase name="Test Cases/Test by Joy" classname="Test Cases/Test by Joy" status="PASSED">
         <system-out><![CDATA[2017-09-04 14:07:50 - [TEST_CASE][PASSED] - Test Cases/Test by Joy: Test Cases/Test by Joy

2017-09-04 14:07:50 - [TEST_STEP][PASSED] - openBrowser: Browser is opened with url: 'http://vivblind.play2pay.me/volunteer/register'

2017-09-04 14:08:01 - [MESSAGE][PASSED] - Browser is opened with url: 'http://vivblind.play2pay.me/volunteer/register'

2017-09-04 14:08:01 - [TEST_STEP][PASSED] - setText: Text 'noochesn@gmail.com' is set on object 'Object Repository/Test1/Page_ -/input_EMAIL'

2017-09-04 14:08:01 - [MESSAGE][PASSED] - Text 'noochesn@gmail.com' is set on object 'Object Repository/Test1/Page_ -/input_EMAIL'

2017-09-04 14:08:01 - [TEST_STEP][PASSED] - setText: Text '1234567890' is set on object 'Object Repository/Test1/Page_ -/input_PASSWORD'

2017-09-04 14:08:02 - [MESSAGE][PASSED] - Text '1234567890' is set on object 'Object Repository/Test1/Page_ -/input_PASSWORD'

2017-09-04 14:08:02 - [TEST_STEP][PASSED] - setText: Text '1234567890' is set on object 'Object Repository/Test1/Page_ -/input_password_confirmation'

2017-09-04 14:08:02 - [MESSAGE][PASSED] - Text '1234567890' is set on object 'Object Repository/Test1/Page_ -/input_password_confirmation'

2017-09-04 14:08:02 - [TEST_STEP][PASSED] - uploadFile: File 'C:\Users\HP\Pictures\Screenshots\2.png' sent to object: 'Object Repository/Test1/Page_ -/input_PATH_IMAGE'

2017-09-04 14:08:02 - [MESSAGE][PASSED] - File 'C:\Users\HP\Pictures\Screenshots\2.png' sent to object: 'Object Repository/Test1/Page_ -/input_PATH_IMAGE'

2017-09-04 14:08:02 - [TEST_STEP][PASSED] - setText: Text 'นุช' is set on object 'Object Repository/Test1/Page_ -/input_FIRST_NAME_TH'

2017-09-04 14:08:02 - [MESSAGE][PASSED] - Text 'นุช' is set on object 'Object Repository/Test1/Page_ -/input_FIRST_NAME_TH'

2017-09-04 14:08:02 - [TEST_STEP][PASSED] - setText: Text 'นุชเชส' is set on object 'Object Repository/Test1/Page_ -/input_LAST_NAME_TH'

2017-09-04 14:08:02 - [MESSAGE][PASSED] - Text 'นุชเชส' is set on object 'Object Repository/Test1/Page_ -/input_LAST_NAME_TH'

2017-09-04 14:08:02 - [TEST_STEP][PASSED] - setText: Text 'nooch' is set on object 'Object Repository/Test1/Page_ -/input_FIRST_NAME_EN'

2017-09-04 14:08:02 - [MESSAGE][PASSED] - Text 'nooch' is set on object 'Object Repository/Test1/Page_ -/input_FIRST_NAME_EN'

2017-09-04 14:08:02 - [TEST_STEP][PASSED] - setText: Text 'nooches' is set on object 'Object Repository/Test1/Page_ -/input_LAST_NAME_EN'

2017-09-04 14:08:03 - [MESSAGE][PASSED] - Text 'nooches' is set on object 'Object Repository/Test1/Page_ -/input_LAST_NAME_EN'

2017-09-04 14:08:03 - [TEST_STEP][PASSED] - setText: Text '2680775476651' is set on object 'Object Repository/Test1/Page_ -/input_CITIZEN_ID'

2017-09-04 14:08:03 - [MESSAGE][PASSED] - Text '2680775476651' is set on object 'Object Repository/Test1/Page_ -/input_CITIZEN_ID'

2017-09-04 14:08:03 - [TEST_STEP][PASSED] - setText: Text '16/03/1999' is set on object 'Object Repository/Test1/Page_ -/input_BIRTH_DATE'

2017-09-04 14:08:03 - [MESSAGE][PASSED] - Text '16/03/1999' is set on object 'Object Repository/Test1/Page_ -/input_BIRTH_DATE'

2017-09-04 14:08:03 - [TEST_STEP][PASSED] - selectOptionByValue: All options with value 'อื่นๆ' are selected in object 'Object Repository/Test1/Page_ -/select_RELIGION'  using regular expression

2017-09-04 14:08:03 - [MESSAGE][PASSED] - All options with value 'อื่นๆ' are selected in object 'Object Repository/Test1/Page_ -/select_RELIGION'  using regular expression

2017-09-04 14:08:03 - [TEST_STEP][PASSED] - selectOptionByValue: All options with value 'ปริญญาตรี' are selected in object 'Object Repository/Test1/Page_ -/select_EDUCATIONAL'  using regular expression

2017-09-04 14:08:04 - [MESSAGE][PASSED] - All options with value 'ปริญญาตรี' are selected in object 'Object Repository/Test1/Page_ -/select_EDUCATIONAL'  using regular expression

2017-09-04 14:08:04 - [TEST_STEP][PASSED] - selectOptionByValue: All options with value 'รับราชการ' are selected in object 'Object Repository/Test1/Page_ -/select_CAREER'  using regular expression

2017-09-04 14:08:04 - [MESSAGE][PASSED] - All options with value 'รับราชการ' are selected in object 'Object Repository/Test1/Page_ -/select_CAREER'  using regular expression

2017-09-04 14:08:04 - [TEST_STEP][PASSED] - setText: Text '50' is set on object 'Object Repository/Test1/Page_ -/input_ADDRESS_NO'

2017-09-04 14:08:04 - [MESSAGE][PASSED] - Text '50' is set on object 'Object Repository/Test1/Page_ -/input_ADDRESS_NO'

2017-09-04 14:08:04 - [TEST_STEP][PASSED] - setText: Text 'หมู่6' is set on object 'Object Repository/Test1/Page_ -/input_ADDRESS_MOO'

2017-09-04 14:08:05 - [MESSAGE][PASSED] - Text 'หมู่6' is set on object 'Object Repository/Test1/Page_ -/input_ADDRESS_MOO'

2017-09-04 14:08:05 - [TEST_STEP][PASSED] - setText: Text 'ฮอด' is set on object 'Object Repository/Test1/Page_ -/input_ADDRESS_ROAD'

2017-09-04 14:08:05 - [MESSAGE][PASSED] - Text 'ฮอด' is set on object 'Object Repository/Test1/Page_ -/input_ADDRESS_ROAD'

2017-09-04 14:08:05 - [TEST_STEP][PASSED] - selectOptionByIndex: All options with index in [6] are selected on object 'Object Repository/Test1/Page_ -/select_ADDRESS_PROVINCE'

2017-09-04 14:08:05 - [MESSAGE][PASSED] - All options with index in [6] are selected on object 'Object Repository/Test1/Page_ -/select_ADDRESS_PROVINCE'

2017-09-04 14:08:05 - [TEST_STEP][PASSED] - delay: Delayed 1 second(s)

2017-09-04 14:08:06 - [MESSAGE][PASSED] - Delayed 1 second(s)

2017-09-04 14:08:06 - [TEST_STEP][PASSED] - selectOptionByIndex: All options with index in [1] are selected on object 'Object Repository/Test1/Page_ -/select_ADDRESS_DISTRICT'

2017-09-04 14:08:06 - [MESSAGE][PASSED] - All options with index in [1] are selected on object 'Object Repository/Test1/Page_ -/select_ADDRESS_DISTRICT'

2017-09-04 14:08:06 - [TEST_STEP][PASSED] - delay: Delayed 1 second(s)

2017-09-04 14:08:07 - [MESSAGE][PASSED] - Delayed 1 second(s)

2017-09-04 14:08:07 - [TEST_STEP][PASSED] - selectOptionByIndex: All options with index in [1] are selected on object 'Object Repository/Test1/Page_ -/select_ADDRESS_SUBDISTRICT'

2017-09-04 14:08:07 - [MESSAGE][PASSED] - All options with index in [1] are selected on object 'Object Repository/Test1/Page_ -/select_ADDRESS_SUBDISTRICT'

2017-09-04 14:08:07 - [TEST_STEP][PASSED] - setText: Text '20000' is set on object 'Object Repository/Test1/Page_ -/input_ADDRESS_POSTCODE'

2017-09-04 14:08:08 - [MESSAGE][PASSED] - Text '20000' is set on object 'Object Repository/Test1/Page_ -/input_ADDRESS_POSTCODE'

2017-09-04 14:08:08 - [TEST_STEP][PASSED] - selectOptionByValue: All options with value 'กำลังศึกษา' are selected in object 'Object Repository/Test1/Page_ -/select_STATUS_EDU_WORK' 

2017-09-04 14:08:08 - [MESSAGE][PASSED] - All options with value 'กำลังศึกษา' are selected in object 'Object Repository/Test1/Page_ -/select_STATUS_EDU_WORK' 

2017-09-04 14:08:08 - [TEST_STEP][PASSED] - setText: Text 'บ้าน' is set on object 'Object Repository/Test1/Page_ -/input_ADDRESS_ALL'

2017-09-04 14:08:08 - [MESSAGE][PASSED] - Text 'บ้าน' is set on object 'Object Repository/Test1/Page_ -/input_ADDRESS_ALL'

2017-09-04 14:08:08 - [TEST_STEP][PASSED] - setText: Text '2' is set on object 'Object Repository/Test1/Page_ -/input_PHONE'

2017-09-04 14:08:08 - [MESSAGE][PASSED] - Text '2' is set on object 'Object Repository/Test1/Page_ -/input_PHONE'

2017-09-04 14:08:08 - [TEST_STEP][PASSED] - setText: Text '9812027456' is set on object 'Object Repository/Test1/Page_ -/input_CELL_PHONE'

2017-09-04 14:08:08 - [MESSAGE][PASSED] - Text '9812027456' is set on object 'Object Repository/Test1/Page_ -/input_CELL_PHONE'

2017-09-04 14:08:08 - [TEST_STEP][PASSED] - setText: Text '1' is set on object 'Object Repository/Test1/Page_ -/input_FAX'

2017-09-04 14:08:08 - [MESSAGE][PASSED] - Text '1' is set on object 'Object Repository/Test1/Page_ -/input_FAX'

2017-09-04 14:08:08 - [TEST_STEP][PASSED] - click: Object: 'Object Repository/Test2/Page_ -/input_btn btn-primary' is clicked on

2017-09-04 14:08:09 - [MESSAGE][PASSED] - Object: 'Object Repository/Test2/Page_ -/input_btn btn-primary' is clicked on

2017-09-04 14:08:09 - [TEST_STEP][PASSED] - delay: Delayed 1 second(s)

2017-09-04 14:08:10 - [MESSAGE][PASSED] - Delayed 1 second(s)

2017-09-04 14:08:10 - [TEST_STEP][PASSED] - verifyTextNotPresent: Text 'กรุณากรอกเบอร์มือถือ 10 หลัก' is not present on page

2017-09-04 14:08:11 - [MESSAGE][PASSED] - Text 'กรุณากรอกเบอร์มือถือ 10 หลัก' is not present on page

2017-09-04 14:08:11 - [TEST_STEP][PASSED] - verifyTextNotPresent: Text 'กรุณากรอกรหัสไปรษณีย์ 5 หลัก' is not present on page

2017-09-04 14:08:12 - [MESSAGE][PASSED] - Text 'กรุณากรอกรหัสไปรษณีย์ 5 หลัก' is not present on page]]></system-out>
         <system-err><![CDATA[]]></system-err>
      </testcase>
      <testcase name="Test Cases/Test1" classname="Test Cases/Test1" status="PASSED">
         <system-out><![CDATA[2017-09-04 14:08:12 - [TEST_CASE][PASSED] - Test Cases/Test1: Test Cases/Test1

2017-09-04 14:08:12 - [TEST_STEP][PASSED] - openBrowser: Browser is opened with url: 'http://vivblind.play2pay.me/volunteer/register'

2017-09-04 14:08:12 - [MESSAGE][WARNING] - A browser is already opened. Closing browser and opening a new one

2017-09-04 14:08:22 - [MESSAGE][PASSED] - Browser is opened with url: 'http://vivblind.play2pay.me/volunteer/register'

2017-09-04 14:08:22 - [TEST_STEP][PASSED] - setText: Text 'auto.gammy1@gmail.com' is set on object 'Object Repository/Test1/Page_ -/input_EMAIL'

2017-09-04 14:08:23 - [MESSAGE][PASSED] - Text 'auto.gammy1@gmail.com' is set on object 'Object Repository/Test1/Page_ -/input_EMAIL'

2017-09-04 14:08:23 - [TEST_STEP][PASSED] - setText: Text '1234567890' is set on object 'Object Repository/Test1/Page_ -/input_PASSWORD'

2017-09-04 14:08:23 - [MESSAGE][PASSED] - Text '1234567890' is set on object 'Object Repository/Test1/Page_ -/input_PASSWORD'

2017-09-04 14:08:23 - [TEST_STEP][PASSED] - setText: Text '1234567890' is set on object 'Object Repository/Test1/Page_ -/input_password_confirmation'

2017-09-04 14:08:23 - [MESSAGE][PASSED] - Text '1234567890' is set on object 'Object Repository/Test1/Page_ -/input_password_confirmation'

2017-09-04 14:08:23 - [TEST_STEP][PASSED] - uploadFile: File 'C:\Users\joymully\Desktop\New folder\DSCF2310.JPG' sent to object: 'Object Repository/Test1/Page_ -/input_PATH_IMAGE'

2017-09-04 14:08:23 - [MESSAGE][PASSED] - File 'C:\Users\joymully\Desktop\New folder\DSCF2310.JPG' sent to object: 'Object Repository/Test1/Page_ -/input_PATH_IMAGE'

2017-09-04 14:08:23 - [TEST_STEP][PASSED] - setText: Text 'ผลิตโชค' is set on object 'Object Repository/Test1/Page_ -/input_FIRST_NAME_TH'

2017-09-04 14:08:24 - [MESSAGE][PASSED] - Text 'ผลิตโชค' is set on object 'Object Repository/Test1/Page_ -/input_FIRST_NAME_TH'

2017-09-04 14:08:24 - [TEST_STEP][PASSED] - setText: Text 'อายะนบุตร' is set on object 'Object Repository/Test1/Page_ -/input_LAST_NAME_TH'

2017-09-04 14:08:24 - [MESSAGE][PASSED] - Text 'อายะนบุตร' is set on object 'Object Repository/Test1/Page_ -/input_LAST_NAME_TH'

2017-09-04 14:08:24 - [TEST_STEP][PASSED] - setText: Text 'Palit' is set on object 'Object Repository/Test1/Page_ -/input_FIRST_NAME_EN'

2017-09-04 14:08:24 - [MESSAGE][PASSED] - Text 'Palit' is set on object 'Object Repository/Test1/Page_ -/input_FIRST_NAME_EN'

2017-09-04 14:08:24 - [TEST_STEP][PASSED] - setText: Text 'Ayanabooth' is set on object 'Object Repository/Test1/Page_ -/input_LAST_NAME_EN'

2017-09-04 14:08:24 - [MESSAGE][PASSED] - Text 'Ayanabooth' is set on object 'Object Repository/Test1/Page_ -/input_LAST_NAME_EN'

2017-09-04 14:08:24 - [TEST_STEP][PASSED] - setText: Text '5440212810500' is set on object 'Object Repository/Test1/Page_ -/input_CITIZEN_ID'

2017-09-04 14:08:25 - [MESSAGE][PASSED] - Text '5440212810500' is set on object 'Object Repository/Test1/Page_ -/input_CITIZEN_ID'

2017-09-04 14:08:25 - [TEST_STEP][PASSED] - setText: Text '24/05/1987' is set on object 'Object Repository/Test1/Page_ -/input_BIRTH_DATE'

2017-09-04 14:08:25 - [MESSAGE][PASSED] - Text '24/05/1987' is set on object 'Object Repository/Test1/Page_ -/input_BIRTH_DATE'

2017-09-04 14:08:25 - [TEST_STEP][PASSED] - selectOptionByValue: All options with value 'พุทธ' are selected in object 'Object Repository/Test1/Page_ -/select_RELIGION'  using regular expression

2017-09-04 14:08:25 - [MESSAGE][PASSED] - All options with value 'พุทธ' are selected in object 'Object Repository/Test1/Page_ -/select_RELIGION'  using regular expression

2017-09-04 14:08:25 - [TEST_STEP][PASSED] - selectOptionByValue: All options with value 'ปริญญาตรี' are selected in object 'Object Repository/Test1/Page_ -/select_EDUCATIONAL'  using regular expression

2017-09-04 14:08:25 - [MESSAGE][PASSED] - All options with value 'ปริญญาตรี' are selected in object 'Object Repository/Test1/Page_ -/select_EDUCATIONAL'  using regular expression

2017-09-04 14:08:25 - [TEST_STEP][PASSED] - selectOptionByValue: All options with value 'อื่นๆ' are selected in object 'Object Repository/Test1/Page_ -/select_CAREER'  using regular expression

2017-09-04 14:08:26 - [MESSAGE][PASSED] - All options with value 'อื่นๆ' are selected in object 'Object Repository/Test1/Page_ -/select_CAREER'  using regular expression

2017-09-04 14:08:26 - [TEST_STEP][PASSED] - setText: Text '100/23' is set on object 'Object Repository/Test1/Page_ -/input_ADDRESS_NO'

2017-09-04 14:08:26 - [MESSAGE][PASSED] - Text '100/23' is set on object 'Object Repository/Test1/Page_ -/input_ADDRESS_NO'

2017-09-04 14:08:26 - [TEST_STEP][PASSED] - setText: Text '3' is set on object 'Object Repository/Test1/Page_ -/input_ADDRESS_MOO'

2017-09-04 14:08:26 - [MESSAGE][PASSED] - Text '3' is set on object 'Object Repository/Test1/Page_ -/input_ADDRESS_MOO'

2017-09-04 14:08:26 - [TEST_STEP][PASSED] - setText: Text 'พาน' is set on object 'Object Repository/Test1/Page_ -/input_ADDRESS_ROAD'

2017-09-04 14:08:26 - [MESSAGE][PASSED] - Text 'พาน' is set on object 'Object Repository/Test1/Page_ -/input_ADDRESS_ROAD'

2017-09-04 14:08:26 - [TEST_STEP][PASSED] - selectOptionByIndex: All options with index in [1] are selected on object 'Object Repository/Test1/Page_ -/select_ADDRESS_PROVINCE'

2017-09-04 14:08:26 - [MESSAGE][PASSED] - All options with index in [1] are selected on object 'Object Repository/Test1/Page_ -/select_ADDRESS_PROVINCE'

2017-09-04 14:08:26 - [TEST_STEP][PASSED] - delay: Delayed 1 second(s)

2017-09-04 14:08:27 - [MESSAGE][PASSED] - Delayed 1 second(s)

2017-09-04 14:08:27 - [TEST_STEP][PASSED] - selectOptionByIndex: All options with index in [1] are selected on object 'Object Repository/Test1/Page_ -/select_ADDRESS_DISTRICT'

2017-09-04 14:08:28 - [MESSAGE][PASSED] - All options with index in [1] are selected on object 'Object Repository/Test1/Page_ -/select_ADDRESS_DISTRICT'

2017-09-04 14:08:28 - [TEST_STEP][PASSED] - delay: Delayed 1 second(s)

2017-09-04 14:08:29 - [MESSAGE][PASSED] - Delayed 1 second(s)

2017-09-04 14:08:29 - [TEST_STEP][PASSED] - selectOptionByIndex: All options with index in [1] are selected on object 'Object Repository/Test1/Page_ -/select_ADDRESS_SUBDISTRICT'

2017-09-04 14:08:29 - [MESSAGE][PASSED] - All options with index in [1] are selected on object 'Object Repository/Test1/Page_ -/select_ADDRESS_SUBDISTRICT'

2017-09-04 14:08:29 - [TEST_STEP][PASSED] - setText: Text '43566' is set on object 'Object Repository/Test1/Page_ -/input_ADDRESS_POSTCODE'

2017-09-04 14:08:29 - [MESSAGE][PASSED] - Text '43566' is set on object 'Object Repository/Test1/Page_ -/input_ADDRESS_POSTCODE'

2017-09-04 14:08:29 - [TEST_STEP][PASSED] - selectOptionByValue: All options with value 'กำลังศึกษา' are selected in object 'Object Repository/Test1/Page_ -/select_STATUS_EDU_WORK' 

2017-09-04 14:08:29 - [MESSAGE][PASSED] - All options with value 'กำลังศึกษา' are selected in object 'Object Repository/Test1/Page_ -/select_STATUS_EDU_WORK' 

2017-09-04 14:08:29 - [TEST_STEP][PASSED] - setText: Text 'ที่ทำงาน' is set on object 'Object Repository/Test1/Page_ -/input_ADDRESS_ALL'

2017-09-04 14:08:29 - [MESSAGE][PASSED] - Text 'ที่ทำงาน' is set on object 'Object Repository/Test1/Page_ -/input_ADDRESS_ALL'

2017-09-04 14:08:29 - [TEST_STEP][PASSED] - setText: Text '052121456' is set on object 'Object Repository/Test1/Page_ -/input_PHONE'

2017-09-04 14:08:30 - [MESSAGE][PASSED] - Text '052121456' is set on object 'Object Repository/Test1/Page_ -/input_PHONE'

2017-09-04 14:08:30 - [TEST_STEP][PASSED] - setText: Text '0876767676767' is set on object 'Object Repository/Test1/Page_ -/input_CELL_PHONE'

2017-09-04 14:08:30 - [MESSAGE][PASSED] - Text '0876767676767' is set on object 'Object Repository/Test1/Page_ -/input_CELL_PHONE'

2017-09-04 14:08:30 - [TEST_STEP][PASSED] - setText: Text '034342342423443243' is set on object 'Object Repository/Test1/Page_ -/input_FAX'

2017-09-04 14:08:30 - [MESSAGE][PASSED] - Text '034342342423443243' is set on object 'Object Repository/Test1/Page_ -/input_FAX'

2017-09-04 14:08:30 - [TEST_STEP][PASSED] - click: Object: 'Object Repository/Test1/Page_ -/input_btn btn-primary' is clicked on

2017-09-04 14:08:31 - [MESSAGE][PASSED] - Object: 'Object Repository/Test1/Page_ -/input_btn btn-primary' is clicked on]]></system-out>
         <system-err><![CDATA[]]></system-err>
      </testcase>
      <testcase name="Test Cases/Test2" classname="Test Cases/Test2" status="PASSED">
         <system-out><![CDATA[2017-09-04 14:08:31 - [TEST_CASE][PASSED] - Test Cases/Test2: Test Cases/Test2

2017-09-04 14:08:31 - [TEST_STEP][PASSED] - openBrowser: Browser is opened with url: 'http://vivblind.play2pay.me/volunteer/register'

2017-09-04 14:08:31 - [MESSAGE][WARNING] - A browser is already opened. Closing browser and opening a new one

2017-09-04 14:08:41 - [MESSAGE][PASSED] - Browser is opened with url: 'http://vivblind.play2pay.me/volunteer/register'

2017-09-04 14:08:41 - [TEST_STEP][PASSED] - setText: Text 'aaaa@gdfs.co.th' is set on object 'Object Repository/Test1/Page_ -/input_EMAIL'

2017-09-04 14:08:42 - [MESSAGE][PASSED] - Text 'aaaa@gdfs.co.th' is set on object 'Object Repository/Test1/Page_ -/input_EMAIL'

2017-09-04 14:08:42 - [TEST_STEP][PASSED] - setText: Text '1234567890' is set on object 'Object Repository/Test1/Page_ -/input_PASSWORD'

2017-09-04 14:08:42 - [MESSAGE][PASSED] - Text '1234567890' is set on object 'Object Repository/Test1/Page_ -/input_PASSWORD'

2017-09-04 14:08:42 - [TEST_STEP][PASSED] - setText: Text '1234567890' is set on object 'Object Repository/Test1/Page_ -/input_password_confirmation'

2017-09-04 14:08:43 - [MESSAGE][PASSED] - Text '1234567890' is set on object 'Object Repository/Test1/Page_ -/input_password_confirmation'

2017-09-04 14:08:43 - [TEST_STEP][PASSED] - uploadFile: File 'C:\Users\HP\Pictures\Screenshots\2.png' sent to object: 'Object Repository/Test1/Page_ -/input_PATH_IMAGE'

2017-09-04 14:08:43 - [MESSAGE][PASSED] - File 'C:\Users\HP\Pictures\Screenshots\2.png' sent to object: 'Object Repository/Test1/Page_ -/input_PATH_IMAGE'

2017-09-04 14:08:43 - [TEST_STEP][PASSED] - setText: Text 'แตงโม' is set on object 'Object Repository/Test1/Page_ -/input_FIRST_NAME_TH'

2017-09-04 14:08:43 - [MESSAGE][PASSED] - Text 'แตงโม' is set on object 'Object Repository/Test1/Page_ -/input_FIRST_NAME_TH'

2017-09-04 14:08:43 - [TEST_STEP][PASSED] - setText: Text 'สดชื่น' is set on object 'Object Repository/Test1/Page_ -/input_LAST_NAME_TH'

2017-09-04 14:08:43 - [MESSAGE][PASSED] - Text 'สดชื่น' is set on object 'Object Repository/Test1/Page_ -/input_LAST_NAME_TH'

2017-09-04 14:08:43 - [TEST_STEP][PASSED] - setText: Text 'Tangmo' is set on object 'Object Repository/Test1/Page_ -/input_FIRST_NAME_EN'

2017-09-04 14:08:43 - [MESSAGE][PASSED] - Text 'Tangmo' is set on object 'Object Repository/Test1/Page_ -/input_FIRST_NAME_EN'

2017-09-04 14:08:43 - [TEST_STEP][PASSED] - setText: Text 'Sodchuen' is set on object 'Object Repository/Test1/Page_ -/input_LAST_NAME_EN'

2017-09-04 14:08:43 - [MESSAGE][PASSED] - Text 'Sodchuen' is set on object 'Object Repository/Test1/Page_ -/input_LAST_NAME_EN'

2017-09-04 14:08:43 - [TEST_STEP][PASSED] - setText: Text '3813157061752' is set on object 'Object Repository/Test1/Page_ -/input_CITIZEN_ID'

2017-09-04 14:08:44 - [MESSAGE][PASSED] - Text '3813157061752' is set on object 'Object Repository/Test1/Page_ -/input_CITIZEN_ID'

2017-09-04 14:08:44 - [TEST_STEP][PASSED] - setText: Text '01/11/2002' is set on object 'Object Repository/Test1/Page_ -/input_BIRTH_DATE'

2017-09-04 14:08:44 - [MESSAGE][PASSED] - Text '01/11/2002' is set on object 'Object Repository/Test1/Page_ -/input_BIRTH_DATE'

2017-09-04 14:08:44 - [TEST_STEP][PASSED] - selectOptionByValue: All options with value 'อื่นๆ' are selected in object 'Object Repository/Test1/Page_ -/select_RELIGION'  using regular expression

2017-09-04 14:08:44 - [MESSAGE][PASSED] - All options with value 'อื่นๆ' are selected in object 'Object Repository/Test1/Page_ -/select_RELIGION'  using regular expression

2017-09-04 14:08:44 - [TEST_STEP][PASSED] - selectOptionByValue: All options with value 'ปริญญาตรี' are selected in object 'Object Repository/Test1/Page_ -/select_EDUCATIONAL'  using regular expression

2017-09-04 14:08:44 - [MESSAGE][PASSED] - All options with value 'ปริญญาตรี' are selected in object 'Object Repository/Test1/Page_ -/select_EDUCATIONAL'  using regular expression

2017-09-04 14:08:44 - [TEST_STEP][PASSED] - selectOptionByValue: All options with value 'รับราชการ' are selected in object 'Object Repository/Test1/Page_ -/select_CAREER'  using regular expression

2017-09-04 14:08:45 - [MESSAGE][PASSED] - All options with value 'รับราชการ' are selected in object 'Object Repository/Test1/Page_ -/select_CAREER'  using regular expression

2017-09-04 14:08:45 - [TEST_STEP][PASSED] - setText: Text '50' is set on object 'Object Repository/Test1/Page_ -/input_ADDRESS_NO'

2017-09-04 14:08:45 - [MESSAGE][PASSED] - Text '50' is set on object 'Object Repository/Test1/Page_ -/input_ADDRESS_NO'

2017-09-04 14:08:45 - [TEST_STEP][PASSED] - setText: Text 'หมู่6' is set on object 'Object Repository/Test1/Page_ -/input_ADDRESS_MOO'

2017-09-04 14:08:45 - [MESSAGE][PASSED] - Text 'หมู่6' is set on object 'Object Repository/Test1/Page_ -/input_ADDRESS_MOO'

2017-09-04 14:08:45 - [TEST_STEP][PASSED] - setText: Text 'ฮอด' is set on object 'Object Repository/Test1/Page_ -/input_ADDRESS_ROAD'

2017-09-04 14:08:45 - [MESSAGE][PASSED] - Text 'ฮอด' is set on object 'Object Repository/Test1/Page_ -/input_ADDRESS_ROAD'

2017-09-04 14:08:45 - [TEST_STEP][PASSED] - selectOptionByIndex: All options with index in [6] are selected on object 'Object Repository/Test1/Page_ -/select_ADDRESS_PROVINCE'

2017-09-04 14:08:45 - [MESSAGE][PASSED] - All options with index in [6] are selected on object 'Object Repository/Test1/Page_ -/select_ADDRESS_PROVINCE'

2017-09-04 14:08:45 - [TEST_STEP][PASSED] - delay: Delayed 1 second(s)

2017-09-04 14:08:46 - [MESSAGE][PASSED] - Delayed 1 second(s)

2017-09-04 14:08:46 - [TEST_STEP][PASSED] - selectOptionByIndex: All options with index in [1] are selected on object 'Object Repository/Test1/Page_ -/select_ADDRESS_DISTRICT'

2017-09-04 14:08:47 - [MESSAGE][PASSED] - All options with index in [1] are selected on object 'Object Repository/Test1/Page_ -/select_ADDRESS_DISTRICT'

2017-09-04 14:08:47 - [TEST_STEP][PASSED] - delay: Delayed 1 second(s)

2017-09-04 14:08:48 - [MESSAGE][PASSED] - Delayed 1 second(s)

2017-09-04 14:08:48 - [TEST_STEP][PASSED] - selectOptionByIndex: All options with index in [1] are selected on object 'Object Repository/Test1/Page_ -/select_ADDRESS_SUBDISTRICT'

2017-09-04 14:08:48 - [MESSAGE][PASSED] - All options with index in [1] are selected on object 'Object Repository/Test1/Page_ -/select_ADDRESS_SUBDISTRICT'

2017-09-04 14:08:48 - [TEST_STEP][PASSED] - setText: Text '30122' is set on object 'Object Repository/Test1/Page_ -/input_ADDRESS_POSTCODE'

2017-09-04 14:08:48 - [MESSAGE][PASSED] - Text '30122' is set on object 'Object Repository/Test1/Page_ -/input_ADDRESS_POSTCODE'

2017-09-04 14:08:48 - [TEST_STEP][PASSED] - selectOptionByValue: All options with value 'กำลังศึกษา' are selected in object 'Object Repository/Test1/Page_ -/select_STATUS_EDU_WORK' 

2017-09-04 14:08:48 - [MESSAGE][PASSED] - All options with value 'กำลังศึกษา' are selected in object 'Object Repository/Test1/Page_ -/select_STATUS_EDU_WORK' 

2017-09-04 14:08:48 - [TEST_STEP][PASSED] - setText: Text 'บ้าน' is set on object 'Object Repository/Test1/Page_ -/input_ADDRESS_ALL'

2017-09-04 14:08:49 - [MESSAGE][PASSED] - Text 'บ้าน' is set on object 'Object Repository/Test1/Page_ -/input_ADDRESS_ALL'

2017-09-04 14:08:49 - [TEST_STEP][PASSED] - setText: Text '053215266' is set on object 'Object Repository/Test1/Page_ -/input_PHONE'

2017-09-04 14:08:49 - [MESSAGE][PASSED] - Text '053215266' is set on object 'Object Repository/Test1/Page_ -/input_PHONE'

2017-09-04 14:08:49 - [TEST_STEP][PASSED] - setText: Text '0547847841' is set on object 'Object Repository/Test1/Page_ -/input_CELL_PHONE'

2017-09-04 14:08:49 - [MESSAGE][PASSED] - Text '0547847841' is set on object 'Object Repository/Test1/Page_ -/input_CELL_PHONE'

2017-09-04 14:08:49 - [TEST_STEP][PASSED] - setText: Text '1' is set on object 'Object Repository/Test1/Page_ -/input_FAX'

2017-09-04 14:08:49 - [MESSAGE][PASSED] - Text '1' is set on object 'Object Repository/Test1/Page_ -/input_FAX'

2017-09-04 14:08:49 - [TEST_STEP][PASSED] - click: Object: 'Object Repository/Test by Joy/Page_ -/input_btn btn-primary' is clicked on

2017-09-04 14:08:50 - [MESSAGE][PASSED] - Object: 'Object Repository/Test by Joy/Page_ -/input_btn btn-primary' is clicked on]]></system-out>
         <system-err><![CDATA[]]></system-err>
      </testcase>
      <system-out><![CDATA[2017-09-04 14:07:50 - [TEST_SUITE][PASSED] - Test Suite2: Test Cases/Test2]]></system-out>
      <system-err><![CDATA[]]></system-err>
   </testsuite>
</testsuites>
